<?xml version="1.0" encoding="UTF-8" ?>
<testsuite errors="0" failures="2" hostname="HP-Brendan" name="colgroup.TestColGroup" skipped="0" tests="6" time="0.113" timestamp="2016-11-13T11:13:42">
  <properties>
[...]
</properties>
  <testcase classname="colgroup.TestColGroup" name="testKey[0]" time="0.055">
    <failure message="keys expected:&lt;[A=2, Bx=1, Cc=1]&gt; but was:&lt;[A=2, B=1, Cc=1]&gt;" type="junit.framework.AssertionFailedError">junit.framework.AssertionFailedError: keys expected:&lt;[A=2, Bx=1, Cc=1]&gt; but was:&lt;[A=2, B=1, Cc=1]&gt;
	at colgroup.TestColGroup.testKey(TestColGroup.java:150)
</failure>
  </testcase>
  <testcase classname="colgroup.TestColGroup" name="testValue[0]" time="0.004" />
  <testcase classname="colgroup.TestColGroup" name="testAsIs[0]" time="0.002" />
  <testcase classname="colgroup.TestColGroup" name="testKey[1]" time="0.004" />
  <testcase classname="colgroup.TestColGroup" name="testValue[1]" time="0.002" />
  <testcase classname="colgroup.TestColGroup" name="testAsIs[1]" time="0.002">
    <failure message="(as is) expected:&lt;2&gt; but was:&lt;1&gt;" type="junit.framework.AssertionFailedError">junit.framework.AssertionFailedError: (as is) expected:&lt;2&gt; but was:&lt;1&gt;
	at colgroup.TestColGroup.testAsIs(TestColGroup.java:143)
</failure>
  </testcase>
  <system-out><![CDATA[Doing constructor before test 0...
Doing setup before test 0...
Doing teardown after test 0...
Doing constructor before test 0...
Doing setup before test 0...

Sorting by values
=================
Team  #Apps
----  -----
B       1
Cc      1
A       2
Doing teardown after test 0...
Doing constructor before test 0...
Doing setup before test 0...

Sorting by (as is)
==================
Team  #Apps
----  -----
Cc      1
A       2
B       1
Doing teardown after test 0...
Doing constructor before test 1...
Doing setup before test 1...

Sorting by keys
===============
Team  #Apps
----  -----
X      2
Doing teardown after test 1...
Doing constructor before test 1...
Doing setup before test 1...

Sorting by values
=================
Team  #Apps
----  -----
X      2
Doing teardown after test 1...
Doing constructor before test 1...
Doing setup before test 1...
Doing teardown after test 1...
]]></system-out>
  <system-err><![CDATA[]]></system-err>
</testsuite>
